{"/home/ad.rapidops.com/karthik.vemula/React Training/Maths quiz/ReactExpertProject/src/question.js": {"path":"/home/ad.rapidops.com/karthik.vemula/React Training/Maths quiz/ReactExpertProject/src/question.js","statementMap":{"0":{"start":{"line":1,"column":23},"end":{"line":232,"column":1}}},"fnMap":{},"branchMap":{},"s":{"0":1},"f":{},"b":{},"_coverageSchema":"1a1c01bbd47fc00a2c39e90264f33305004495a9","hash":"a5a3f4214fbb4626d9d27c51c8f6e332e70984d2"}
,"/home/ad.rapidops.com/karthik.vemula/React Training/Maths quiz/ReactExpertProject/src/Components/Home.jsx": {"path":"/home/ad.rapidops.com/karthik.vemula/React Training/Maths quiz/ReactExpertProject/src/Components/Home.jsx","statementMap":{"0":{"start":{"line":4,"column":13},"end":{"line":12,"column":1}},"1":{"start":{"line":5,"column":21},"end":{"line":5,"column":34}},"2":{"start":{"line":6,"column":23},"end":{"line":8,"column":5}},"3":{"start":{"line":7,"column":8},"end":{"line":7,"column":22}},"4":{"start":{"line":9,"column":2},"end":{"line":11,"column":3}}},"fnMap":{"0":{"name":"(anonymous_0)","decl":{"start":{"line":4,"column":13},"end":{"line":4,"column":14}},"loc":{"start":{"line":4,"column":19},"end":{"line":12,"column":1}},"line":4},"1":{"name":"(anonymous_1)","decl":{"start":{"line":6,"column":23},"end":{"line":6,"column":24}},"loc":{"start":{"line":6,"column":29},"end":{"line":8,"column":5}},"line":6}},"branchMap":{},"s":{"0":1,"1":4,"2":4,"3":1,"4":4},"f":{"0":4,"1":1},"b":{},"_coverageSchema":"1a1c01bbd47fc00a2c39e90264f33305004495a9","hash":"9a8a9e4a380ebe85a419e048ca1656f7bdbed0bd"}
,"/home/ad.rapidops.com/karthik.vemula/React Training/Maths quiz/ReactExpertProject/src/Components/Quiz.jsx": {"path":"/home/ad.rapidops.com/karthik.vemula/React Training/Maths quiz/ReactExpertProject/src/Components/Quiz.jsx","statementMap":{"0":{"start":{"line":5,"column":13},"end":{"line":177,"column":1}},"1":{"start":{"line":6,"column":48},"end":{"line":6,"column":59}},"2":{"start":{"line":7,"column":44},"end":{"line":12,"column":4}},"3":{"start":{"line":10,"column":32},"end":{"line":10,"column":69}},"4":{"start":{"line":11,"column":4},"end":{"line":11,"column":106}},"5":{"start":{"line":13,"column":46},"end":{"line":13,"column":86}},"6":{"start":{"line":15,"column":19},"end":{"line":15,"column":32}},"7":{"start":{"line":16,"column":38},"end":{"line":19,"column":4}},"8":{"start":{"line":20,"column":28},"end":{"line":20,"column":39}},"9":{"start":{"line":22,"column":21},"end":{"line":38,"column":3}},"10":{"start":{"line":23,"column":4},"end":{"line":23,"column":17}},"11":{"start":{"line":24,"column":23},"end":{"line":24,"column":33}},"12":{"start":{"line":25,"column":19},"end":{"line":28,"column":5}},"13":{"start":{"line":30,"column":20},"end":{"line":30,"column":71}},"14":{"start":{"line":31,"column":4},"end":{"line":31,"column":31}},"15":{"start":{"line":32,"column":4},"end":{"line":32,"column":63}},"16":{"start":{"line":34,"column":4},"end":{"line":34,"column":53}},"17":{"start":{"line":35,"column":4},"end":{"line":35,"column":29}},"18":{"start":{"line":36,"column":4},"end":{"line":36,"column":51}},"19":{"start":{"line":37,"column":4},"end":{"line":37,"column":45}},"20":{"start":{"line":41,"column":22},"end":{"line":56,"column":3}},"21":{"start":{"line":42,"column":31},"end":{"line":42,"column":41}},"22":{"start":{"line":43,"column":4},"end":{"line":55,"column":5}},"23":{"start":{"line":44,"column":6},"end":{"line":44,"column":19}},"24":{"start":{"line":45,"column":11},"end":{"line":55,"column":5}},"25":{"start":{"line":46,"column":6},"end":{"line":49,"column":9}},"26":{"start":{"line":51,"column":6},"end":{"line":54,"column":10}},"27":{"start":{"line":51,"column":34},"end":{"line":54,"column":7}},"28":{"start":{"line":59,"column":21},"end":{"line":71,"column":3}},"29":{"start":{"line":60,"column":29},"end":{"line":60,"column":47}},"30":{"start":{"line":61,"column":4},"end":{"line":61,"column":55}},"31":{"start":{"line":62,"column":4},"end":{"line":62,"column":39}},"32":{"start":{"line":63,"column":19},"end":{"line":63,"column":20}},"33":{"start":{"line":64,"column":4},"end":{"line":69,"column":7}},"34":{"start":{"line":65,"column":28},"end":{"line":65,"column":94}},"35":{"start":{"line":65,"column":72},"end":{"line":65,"column":86}},"36":{"start":{"line":66,"column":6},"end":{"line":68,"column":7}},"37":{"start":{"line":67,"column":8},"end":{"line":67,"column":19}},"38":{"start":{"line":70,"column":4},"end":{"line":70,"column":23}},"39":{"start":{"line":73,"column":25},"end":{"line":78,"column":3}},"40":{"start":{"line":74,"column":4},"end":{"line":77,"column":5}},"41":{"start":{"line":75,"column":6},"end":{"line":75,"column":46}},"42":{"start":{"line":76,"column":6},"end":{"line":76,"column":60}},"43":{"start":{"line":80,"column":21},"end":{"line":88,"column":3}},"44":{"start":{"line":81,"column":4},"end":{"line":81,"column":17}},"45":{"start":{"line":82,"column":4},"end":{"line":82,"column":58}},"46":{"start":{"line":83,"column":4},"end":{"line":87,"column":5}},"47":{"start":{"line":84,"column":6},"end":{"line":84,"column":46}},"48":{"start":{"line":86,"column":6},"end":{"line":86,"column":19}},"49":{"start":{"line":90,"column":22},"end":{"line":97,"column":3}},"50":{"start":{"line":91,"column":4},"end":{"line":91,"column":26}},"51":{"start":{"line":92,"column":4},"end":{"line":92,"column":44}},"52":{"start":{"line":93,"column":4},"end":{"line":93,"column":61}},"53":{"start":{"line":94,"column":4},"end":{"line":94,"column":28}},"54":{"start":{"line":95,"column":4},"end":{"line":95,"column":16}},"55":{"start":{"line":96,"column":4},"end":{"line":96,"column":45}},"56":{"start":{"line":99,"column":2},"end":{"line":110,"column":9}},"57":{"start":{"line":100,"column":23},"end":{"line":100,"column":78}},"58":{"start":{"line":101,"column":4},"end":{"line":109,"column":5}},"59":{"start":{"line":102,"column":6},"end":{"line":102,"column":53}},"60":{"start":{"line":103,"column":6},"end":{"line":103,"column":37}},"61":{"start":{"line":104,"column":30},"end":{"line":104,"column":79}},"62":{"start":{"line":105,"column":6},"end":{"line":108,"column":7}},"63":{"start":{"line":106,"column":8},"end":{"line":106,"column":42}},"64":{"start":{"line":107,"column":8},"end":{"line":107,"column":71}},"65":{"start":{"line":112,"column":2},"end":{"line":115,"column":19}},"66":{"start":{"line":113,"column":23},"end":{"line":113,"column":53}},"67":{"start":{"line":114,"column":4},"end":{"line":114,"column":43}},"68":{"start":{"line":114,"column":17},"end":{"line":114,"column":42}},"69":{"start":{"line":117,"column":2},"end":{"line":120,"column":51}},"70":{"start":{"line":118,"column":4},"end":{"line":118,"column":103}},"71":{"start":{"line":119,"column":4},"end":{"line":119,"column":73}},"72":{"start":{"line":122,"column":2},"end":{"line":176,"column":4}},"73":{"start":{"line":149,"column":14},"end":{"line":162,"column":20}},"74":{"start":{"line":157,"column":35},"end":{"line":157,"column":68}}},"fnMap":{"0":{"name":"(anonymous_0)","decl":{"start":{"line":5,"column":13},"end":{"line":5,"column":14}},"loc":{"start":{"line":5,"column":19},"end":{"line":177,"column":1}},"line":5},"1":{"name":"(anonymous_1)","decl":{"start":{"line":7,"column":53},"end":{"line":7,"column":54}},"loc":{"start":{"line":7,"column":59},"end":{"line":12,"column":3}},"line":7},"2":{"name":"(anonymous_2)","decl":{"start":{"line":22,"column":21},"end":{"line":22,"column":22}},"loc":{"start":{"line":22,"column":27},"end":{"line":38,"column":3}},"line":22},"3":{"name":"(anonymous_3)","decl":{"start":{"line":41,"column":22},"end":{"line":41,"column":23}},"loc":{"start":{"line":41,"column":28},"end":{"line":56,"column":3}},"line":41},"4":{"name":"(anonymous_4)","decl":{"start":{"line":51,"column":20},"end":{"line":51,"column":21}},"loc":{"start":{"line":51,"column":34},"end":{"line":54,"column":7}},"line":51},"5":{"name":"(anonymous_5)","decl":{"start":{"line":59,"column":21},"end":{"line":59,"column":22}},"loc":{"start":{"line":59,"column":27},"end":{"line":71,"column":3}},"line":59},"6":{"name":"(anonymous_6)","decl":{"start":{"line":64,"column":29},"end":{"line":64,"column":30}},"loc":{"start":{"line":64,"column":48},"end":{"line":69,"column":5}},"line":64},"7":{"name":"(anonymous_7)","decl":{"start":{"line":65,"column":62},"end":{"line":65,"column":63}},"loc":{"start":{"line":65,"column":72},"end":{"line":65,"column":86}},"line":65},"8":{"name":"(anonymous_8)","decl":{"start":{"line":73,"column":25},"end":{"line":73,"column":26}},"loc":{"start":{"line":73,"column":31},"end":{"line":78,"column":3}},"line":73},"9":{"name":"(anonymous_9)","decl":{"start":{"line":80,"column":21},"end":{"line":80,"column":22}},"loc":{"start":{"line":80,"column":27},"end":{"line":88,"column":3}},"line":80},"10":{"name":"(anonymous_10)","decl":{"start":{"line":90,"column":22},"end":{"line":90,"column":23}},"loc":{"start":{"line":90,"column":28},"end":{"line":97,"column":3}},"line":90},"11":{"name":"(anonymous_11)","decl":{"start":{"line":99,"column":12},"end":{"line":99,"column":13}},"loc":{"start":{"line":99,"column":18},"end":{"line":110,"column":3}},"line":99},"12":{"name":"(anonymous_12)","decl":{"start":{"line":112,"column":12},"end":{"line":112,"column":13}},"loc":{"start":{"line":112,"column":18},"end":{"line":115,"column":3}},"line":112},"13":{"name":"(anonymous_13)","decl":{"start":{"line":114,"column":11},"end":{"line":114,"column":12}},"loc":{"start":{"line":114,"column":17},"end":{"line":114,"column":42}},"line":114},"14":{"name":"(anonymous_14)","decl":{"start":{"line":117,"column":12},"end":{"line":117,"column":13}},"loc":{"start":{"line":117,"column":18},"end":{"line":120,"column":3}},"line":117},"15":{"name":"(anonymous_15)","decl":{"start":{"line":148,"column":56},"end":{"line":148,"column":57}},"loc":{"start":{"line":149,"column":14},"end":{"line":162,"column":20}},"line":149},"16":{"name":"(anonymous_16)","decl":{"start":{"line":157,"column":28},"end":{"line":157,"column":29}},"loc":{"start":{"line":157,"column":35},"end":{"line":157,"column":68}},"line":157}},"branchMap":{"0":{"loc":{"start":{"line":11,"column":11},"end":{"line":11,"column":105}},"type":"cond-expr","locations":[{"start":{"line":11,"column":33},"end":{"line":11,"column":64}},{"start":{"line":11,"column":67},"end":{"line":11,"column":105}}],"line":11},"1":{"loc":{"start":{"line":30,"column":20},"end":{"line":30,"column":71}},"type":"binary-expr","locations":[{"start":{"line":30,"column":20},"end":{"line":30,"column":65}},{"start":{"line":30,"column":69},"end":{"line":30,"column":71}}],"line":30},"2":{"loc":{"start":{"line":43,"column":4},"end":{"line":55,"column":5}},"type":"if","locations":[{"start":{"line":43,"column":4},"end":{"line":55,"column":5}},{"start":{"line":45,"column":11},"end":{"line":55,"column":5}}],"line":43},"3":{"loc":{"start":{"line":43,"column":8},"end":{"line":43,"column":36}},"type":"binary-expr","locations":[{"start":{"line":43,"column":8},"end":{"line":43,"column":20}},{"start":{"line":43,"column":24},"end":{"line":43,"column":36}}],"line":43},"4":{"loc":{"start":{"line":45,"column":11},"end":{"line":55,"column":5}},"type":"if","locations":[{"start":{"line":45,"column":11},"end":{"line":55,"column":5}},{"start":{"line":50,"column":11},"end":{"line":55,"column":5}}],"line":45},"5":{"loc":{"start":{"line":66,"column":6},"end":{"line":68,"column":7}},"type":"if","locations":[{"start":{"line":66,"column":6},"end":{"line":68,"column":7}},{"start":{},"end":{}}],"line":66},"6":{"loc":{"start":{"line":74,"column":4},"end":{"line":77,"column":5}},"type":"if","locations":[{"start":{"line":74,"column":4},"end":{"line":77,"column":5}},{"start":{},"end":{}}],"line":74},"7":{"loc":{"start":{"line":83,"column":4},"end":{"line":87,"column":5}},"type":"if","locations":[{"start":{"line":83,"column":4},"end":{"line":87,"column":5}},{"start":{"line":85,"column":11},"end":{"line":87,"column":5}}],"line":83},"8":{"loc":{"start":{"line":101,"column":4},"end":{"line":109,"column":5}},"type":"if","locations":[{"start":{"line":101,"column":4},"end":{"line":109,"column":5}},{"start":{},"end":{}}],"line":101},"9":{"loc":{"start":{"line":105,"column":6},"end":{"line":108,"column":7}},"type":"if","locations":[{"start":{"line":105,"column":6},"end":{"line":108,"column":7}},{"start":{},"end":{}}],"line":105},"10":{"loc":{"start":{"line":171,"column":13},"end":{"line":171,"column":77}},"type":"cond-expr","locations":[{"start":{"line":171,"column":60},"end":{"line":171,"column":68}},{"start":{"line":171,"column":71},"end":{"line":171,"column":77}}],"line":171}},"s":{"0":1,"1":12,"2":12,"3":5,"4":5,"5":12,"6":12,"7":12,"8":12,"9":12,"10":0,"11":0,"12":0,"13":0,"14":0,"15":0,"16":0,"17":0,"18":0,"19":0,"20":12,"21":0,"22":0,"23":0,"24":0,"25":0,"26":0,"27":0,"28":12,"29":1,"30":1,"31":1,"32":1,"33":1,"34":23,"35":30,"36":23,"37":0,"38":1,"39":12,"40":1,"41":1,"42":1,"43":12,"44":1,"45":1,"46":1,"47":1,"48":0,"49":12,"50":0,"51":0,"52":0,"53":0,"54":0,"55":0,"56":12,"57":5,"58":5,"59":4,"60":4,"61":4,"62":4,"63":4,"64":4,"65":12,"66":9,"67":9,"68":9,"69":12,"70":11,"71":11,"72":12,"73":48,"74":1},"f":{"0":12,"1":5,"2":0,"3":0,"4":0,"5":1,"6":23,"7":30,"8":1,"9":1,"10":0,"11":5,"12":9,"13":9,"14":11,"15":48,"16":1},"b":{"0":[4,1],"1":[0,0],"2":[0,0],"3":[0,0],"4":[0,0],"5":[0,23],"6":[1,0],"7":[1,0],"8":[4,1],"9":[4,0],"10":[0,12]},"_coverageSchema":"1a1c01bbd47fc00a2c39e90264f33305004495a9","hash":"8f6b2cbcfdc175209f74def13622d5d2db614767"}
}
