TN:
SF:src/question.js
FNF:0
FNH:0
DA:1,1
LF:1
LH:1
BRF:0
BRH:0
end_of_record
TN:
SF:src/Components/Home.jsx
FN:4,(anonymous_0)
FN:6,(anonymous_1)
FNF:2
FNH:2
FNDA:4,(anonymous_0)
FNDA:1,(anonymous_1)
DA:4,1
DA:5,4
DA:6,4
DA:7,1
DA:9,4
LF:5
LH:5
BRF:0
BRH:0
end_of_record
TN:
SF:src/Components/Quiz.jsx
FN:5,(anonymous_0)
FN:7,(anonymous_1)
FN:22,(anonymous_2)
FN:41,(anonymous_3)
FN:51,(anonymous_4)
FN:59,(anonymous_5)
FN:64,(anonymous_6)
FN:65,(anonymous_7)
FN:73,(anonymous_8)
FN:80,(anonymous_9)
FN:90,(anonymous_10)
FN:99,(anonymous_11)
FN:112,(anonymous_12)
FN:114,(anonymous_13)
FN:117,(anonymous_14)
FN:148,(anonymous_15)
FN:157,(anonymous_16)
FNF:17
FNH:13
FNDA:12,(anonymous_0)
FNDA:5,(anonymous_1)
FNDA:0,(anonymous_2)
FNDA:0,(anonymous_3)
FNDA:0,(anonymous_4)
FNDA:1,(anonymous_5)
FNDA:23,(anonymous_6)
FNDA:30,(anonymous_7)
FNDA:1,(anonymous_8)
FNDA:1,(anonymous_9)
FNDA:0,(anonymous_10)
FNDA:5,(anonymous_11)
FNDA:9,(anonymous_12)
FNDA:9,(anonymous_13)
FNDA:11,(anonymous_14)
FNDA:48,(anonymous_15)
FNDA:1,(anonymous_16)
DA:5,1
DA:6,12
DA:7,12
DA:10,5
DA:11,5
DA:13,12
DA:15,12
DA:16,12
DA:20,12
DA:22,12
DA:23,0
DA:24,0
DA:25,0
DA:30,0
DA:31,0
DA:32,0
DA:34,0
DA:35,0
DA:36,0
DA:37,0
DA:41,12
DA:42,0
DA:43,0
DA:44,0
DA:45,0
DA:46,0
DA:51,0
DA:59,12
DA:60,1
DA:61,1
DA:62,1
DA:63,1
DA:64,1
DA:65,30
DA:66,23
DA:67,0
DA:70,1
DA:73,12
DA:74,1
DA:75,1
DA:76,1
DA:80,12
DA:81,1
DA:82,1
DA:83,1
DA:84,1
DA:86,0
DA:90,12
DA:91,0
DA:92,0
DA:93,0
DA:94,0
DA:95,0
DA:96,0
DA:99,12
DA:100,5
DA:101,5
DA:102,4
DA:103,4
DA:104,4
DA:105,4
DA:106,4
DA:107,4
DA:112,12
DA:113,9
DA:114,9
DA:117,12
DA:118,11
DA:119,11
DA:122,12
DA:149,48
DA:157,1
LF:72
LH:48
BRDA:11,0,0,4
BRDA:11,0,1,1
BRDA:30,1,0,0
BRDA:30,1,1,0
BRDA:43,2,0,0
BRDA:43,2,1,0
BRDA:43,3,0,0
BRDA:43,3,1,0
BRDA:45,4,0,0
BRDA:45,4,1,0
BRDA:66,5,0,0
BRDA:66,5,1,23
BRDA:74,6,0,1
BRDA:74,6,1,0
BRDA:83,7,0,1
BRDA:83,7,1,0
BRDA:101,8,0,4
BRDA:101,8,1,1
BRDA:105,9,0,4
BRDA:105,9,1,0
BRDA:171,10,0,0
BRDA:171,10,1,12
BRF:22
BRH:9
end_of_record
